Arguments: 
  C:\Program Files\nodejs\node.exe C:\Users\Pietro\AppData\Roaming\npm\node_modules\yarn\bin\yarn.js add --save-dev @jest/globals @testing-library/react jest jest-enviroment-jsdom react-test-renderer ts-jest tslib

PATH: 
  C:\Program Files\Common Files\Oracle\Java\javapath;C:\Python39\Scripts\;C:\Python39\;C:\Program Files (x86)\Common Files\Oracle\Java\javapath;C:\Windows\system32;C:\Windows;C:\Windows\System32\Wbem;C:\Windows\System32\WindowsPowerShell\v1.0\;C:\Windows\System32\OpenSSH\;C:\Program Files\NVIDIA Corporation\NVIDIA NvDLISR;C:\Program Files (x86)\NVIDIA Corporation\PhysX\Common;C:\WINDOWS\system32;C:\WINDOWS;C:\WINDOWS\System32\Wbem;C:\WINDOWS\System32\WindowsPowerShell\v1.0\;C:\WINDOWS\System32\OpenSSH\;C:\ProgramData\chocolatey\bin;C:\Program Files\Git\cmd;C:\Program Files\OpenJDK\openjdk-8u292-b10\bin;C:\WINDOWS\system32;C:\WINDOWS;C:\WINDOWS\System32\Wbem;C:\WINDOWS\System32\WindowsPowerShell\v1.0\;C:\Program Files (x86)\WiX Toolset v3.11\bin;%NVM_HOME%;%NVM_SYMLINK%;C:\Users\Pietro\AppData\Local\Microsoft\WindowsApps;C:\Users\Pietro\AppData\Roaming\npm;C:\Users\Pietro\AppData\Local\Android\Sdk\platform-tools;C:\Users\Pietro\Documents\flutter\bin;C:\Program Files\vlab-client-app\resources\app\assets\ffmpeg-4.4-full_build\bin;C:\FFmpeg\bin;C:\Program Files\heroku\bin;C:\Users\Pietro\AppData\Local\Programs\Microsoft VS Code\bin;C:\Program Files (x86)\WiX Toolset v3.11\bin;C:\Users\Pietro\AppData\Roaming\nvm;C:\Program Files\nodejs

Yarn version: 
  1.22.10

Node version: 
  16.10.0

Platform: 
  win32 x64

Trace: 
  Error: https://registry.yarnpkg.com/jest-enviroment-jsdom: Not found
      at Request.params.callback [as _callback] (C:\Users\Pietro\AppData\Roaming\npm\node_modules\yarn\lib\cli.js:66988:18)
      at Request.self.callback (C:\Users\Pietro\AppData\Roaming\npm\node_modules\yarn\lib\cli.js:140662:22)
      at Request.emit (node:events:390:28)
      at Request.<anonymous> (C:\Users\Pietro\AppData\Roaming\npm\node_modules\yarn\lib\cli.js:141634:10)
      at Request.emit (node:events:390:28)
      at IncomingMessage.<anonymous> (C:\Users\Pietro\AppData\Roaming\npm\node_modules\yarn\lib\cli.js:141556:12)
      at Object.onceWrapper (node:events:509:28)
      at IncomingMessage.emit (node:events:402:35)
      at endReadableNT (node:internal/streams/readable:1343:12)
      at processTicksAndRejections (node:internal/process/task_queues:83:21)

npm manifest: 
  {
    "name": "my-ui-library",
    "version": "1.0.0",
    "description": "React frontend library with tests, storybook and CI",
    "main": "index.js",
    "scripts": {
      "test": "npm run test",
      "commit": "cz",
      "prepare": "husky install"
    },
    "repository": {
      "type": "git",
      "url": "git+https://github.com/pietrobs/my-ui-library.git"
    },
    "keywords": [
      "React",
      "UI",
      "Library"
    ],
    "author": "Pietro Schiavinato",
    "license": "ISC",
    "bugs": {
      "url": "https://github.com/pietrobs/my-ui-library/issues"
    },
    "homepage": "https://github.com/pietrobs/my-ui-library#readme",
    "devDependencies": {
      "@types/styled-components": "^5.1.26",
      "cz-conventional-changelog": "^3.3.0",
      "husky": "^8.0.0",
      "react": "^18.2.0",
      "react-dom": "^18.2.0",
      "typescript": "^4.9.3"
    },
    "config": {
      "commitizen": {
        "path": "./node_modules/cz-conventional-changelog"
      }
    },
    "dependencies": {
      "styled-components": "^5.3.6"
    }
  }

yarn manifest: 
  No manifest

Lockfile: 
  No lockfile
